G:\赚钱\闸机重写\ZHAJIDLL\ZHTDLL\RELEASE\ZHTDLL.PCH
G:\赚钱\闸机重写\ZHAJIDLL\ZHTDLL\RELEASE\STDAFX.OBJ
G:\赚钱\闸机重写\ZHAJIDLL\ZHTDLL\RELEASE\VC110.PDB
G:\赚钱\闸机重写\ZHAJIDLL\ZHTDLL\RELEASE\DLLMAIN.OBJ
G:\赚钱\闸机重写\ZHAJIDLL\ZHTDLL\RELEASE\ZHTDLL.OBJ
G:\赚钱\闸机重写\ZHAJIDLL\RELEASE\ZHTDLL.DLL
G:\赚钱\闸机重写\ZHAJIDLL\RELEASE\ZHTDLL.PDB
G:\赚钱\闸机重写\zhajiDLL\Release\zhtDll.lib
G:\赚钱\闸机重写\zhajiDLL\Release\zhtDll.exp
G:\赚钱\闸机重写\zhajiDLL\zhtDll\Release\dllmain.obj
G:\赚钱\闸机重写\zhajiDLL\zhtDll\Release\stdafx.obj
G:\赚钱\闸机重写\zhajiDLL\zhtDll\Release\zhtDll.obj
G:\赚钱\闸机重写\zhajiDLL\zhtDll\Release\cl.command.1.tlog
G:\赚钱\闸机重写\zhajiDLL\zhtDll\Release\CL.read.1.tlog
G:\赚钱\闸机重写\zhajiDLL\zhtDll\Release\CL.write.1.tlog
G:\赚钱\闸机重写\zhajiDLL\zhtDll\Release\link-cvtres.read.1.tlog
G:\赚钱\闸机重写\zhajiDLL\zhtDll\Release\link-cvtres.write.1.tlog
G:\赚钱\闸机重写\zhajiDLL\zhtDll\Release\link-mt.read.1.tlog
G:\赚钱\闸机重写\zhajiDLL\zhtDll\Release\link-mt.write.1.tlog
G:\赚钱\闸机重写\zhajiDLL\zhtDll\Release\link-rc.read.1.tlog
G:\赚钱\闸机重写\zhajiDLL\zhtDll\Release\link-rc.write.1.tlog
G:\赚钱\闸机重写\zhajiDLL\zhtDll\Release\link.command.1.tlog
G:\赚钱\闸机重写\zhajiDLL\zhtDll\Release\link.read.1.tlog
G:\赚钱\闸机重写\zhajiDLL\zhtDll\Release\link.write.1.tlog
G:\赚钱\闸机重写\zhajiDLL\zhtDll\Release\zhtDll.write.1.tlog
G:\赚钱\闸机重写\zhajiDLL\zhtDll\Release\zhtDll.pch
G:\赚钱\闸机重写\zhajiDLL\zhtDll\Release\vc110.pdb
G:\赚钱\闸机重写\zhajiDLL\Release\zhtDll.pdb
G:\赚钱\闸机重写\zhajiDLL\Release\zhtDll.dll
