生成启动时间为 2017/8/16 星期三 0:42:24。
     1>项目“G:\赚钱\闸机重写\zhajiDLL\zhtDll\zhtDll.vcxproj”在节点 2 上(Rebuild 个目标)。
     1>ClCompile:
         D:\VS2012\VC\bin\CL.exe /c /Zi /nologo /W3 /WX- /O2 /Oi /Oy- /GL /D WIN32 /D NDEBUG /D _WINDOWS /D _USRDLL /D ZHTDLL_EXPORTS /D _WINDLL /Gm- /EHsc /MT /GS /Gy /fp:precise /Zc:wchar_t /Zc:forScope /Yc"stdafx.h" /Fp"Release\zhtDll.pch" /Fo"Release\\" /Fd"Release\vc110.pdb" /Gd /TP /analyze- /errorReport:prompt stdafx.cpp
         stdafx.cpp
         D:\VS2012\VC\bin\CL.exe /c /Zi /nologo /W3 /WX- /O2 /Oi /Oy- /GL /D WIN32 /D NDEBUG /D _WINDOWS /D _USRDLL /D ZHTDLL_EXPORTS /D _WINDLL /Gm- /EHsc /MT /GS /Gy /fp:precise /Zc:wchar_t /Zc:forScope /Fo"Release\\" /Fd"Release\vc110.pdb" /Gd /TP /analyze- /errorReport:prompt dllmain.cpp
         dllmain.cpp
         D:\VS2012\VC\bin\CL.exe /c /Zi /nologo /W3 /WX- /O2 /Oi /Oy- /GL /D WIN32 /D NDEBUG /D _WINDOWS /D _USRDLL /D ZHTDLL_EXPORTS /D _WINDLL /Gm- /EHsc /MT /GS /Gy /fp:precise /Zc:wchar_t /Zc:forScope /Yu"stdafx.h" /Fp"Release\zhtDll.pch" /Fo"Release\\" /Fd"Release\vc110.pdb" /Gd /TP /analyze- /errorReport:prompt zhtDll.cpp
         zhtDll.cpp
     1>g:\赚钱\闸机重写\zhajidll\zhtdll\ace/OS_NS_string.inl(110): warning C4996: 'strcat': This function or variable may be unsafe. Consider using strcat_s instead. To disable deprecation, use _CRT_SECURE_NO_WARNINGS. See online help for details.
                 D:\VS2012\VC\include\string.h(115) : 参见“strcat”的声明
     1>g:\赚钱\闸机重写\zhajidll\zhtdll\ace/OS_NS_string.inl(120): warning C4996: 'wcscat': This function or variable may be unsafe. Consider using wcscat_s instead. To disable deprecation, use _CRT_SECURE_NO_WARNINGS. See online help for details.
                 D:\VS2012\VC\include\string.h(279) : 参见“wcscat”的声明
     1>g:\赚钱\闸机重写\zhajidll\zhtdll\ace/OS_NS_string.inl(178): warning C4996: 'strcpy': This function or variable may be unsafe. Consider using strcpy_s instead. To disable deprecation, use _CRT_SECURE_NO_WARNINGS. See online help for details.
                 D:\VS2012\VC\include\string.h(110) : 参见“strcpy”的声明
     1>g:\赚钱\闸机重写\zhajidll\zhtdll\ace/OS_NS_string.inl(188): warning C4996: 'wcscpy': This function or variable may be unsafe. Consider using wcscpy_s instead. To disable deprecation, use _CRT_SECURE_NO_WARNINGS. See online help for details.
                 D:\VS2012\VC\include\string.h(288) : 参见“wcscpy”的声明
     1>g:\赚钱\闸机重写\zhajidll\zhtdll\ace/OS_NS_string.inl(222): warning C4996: 'strdup': The POSIX name for this item is deprecated. Instead, use the ISO C++ conformant name: _strdup. See online help for details.
                 D:\VS2012\VC\include\string.h(241) : 参见“strdup”的声明
     1>g:\赚钱\闸机重写\zhajidll\zhtdll\ace/OS_NS_string.inl(262): warning C4996: 'strncat': This function or variable may be unsafe. Consider using strncat_s instead. To disable deprecation, use _CRT_SECURE_NO_WARNINGS. See online help for details.
                 D:\VS2012\VC\include\string.h(182) : 参见“strncat”的声明
     1>g:\赚钱\闸机重写\zhajidll\zhtdll\ace/OS_NS_string.inl(274): warning C4996: 'wcsncat': This function or variable may be unsafe. Consider using wcsncat_s instead. To disable deprecation, use _CRT_SECURE_NO_WARNINGS. See online help for details.
                 D:\VS2012\VC\include\string.h(310) : 参见“wcsncat”的声明
     1>g:\赚钱\闸机重写\zhajidll\zhtdll\ace/OS_NS_string.inl(315): warning C4996: 'strncpy': This function or variable may be unsafe. Consider using strncpy_s instead. To disable deprecation, use _CRT_SECURE_NO_WARNINGS. See online help for details.
                 D:\VS2012\VC\include\string.h(191) : 参见“strncpy”的声明
     1>g:\赚钱\闸机重写\zhajidll\zhtdll\ace/OS_NS_string.inl(324): warning C4996: 'wcsncpy': This function or variable may be unsafe. Consider using wcsncpy_s instead. To disable deprecation, use _CRT_SECURE_NO_WARNINGS. See online help for details.
                 D:\VS2012\VC\include\string.h(317) : 参见“wcsncpy”的声明
     1>g:\赚钱\闸机重写\zhajidll\zhtdll\ace/OS_NS_string.inl(508): warning C4996: 'strtok': This function or variable may be unsafe. Consider using strtok_s instead. To disable deprecation, use _CRT_SECURE_NO_WARNINGS. See online help for details.
                 D:\VS2012\VC\include\string.h(200) : 参见“strtok”的声明
     1>g:\赚钱\闸机重写\zhajidll\zhtdll\ace/OS_NS_string.inl(519): warning C4996: 'wcstok': This function or variable may be unsafe. Consider using wcstok_s instead. To disable deprecation, use _CRT_SECURE_NO_WARNINGS. See online help for details.
                 D:\VS2012\VC\include\string.h(324) : 参见“wcstok”的声明
     1>g:\赚钱\闸机重写\zhajidll\zhtdll\ace/OS_NS_stdlib.inl(173): warning C4996: 'getenv': This function or variable may be unsafe. Consider using _dupenv_s instead. To disable deprecation, use _CRT_SECURE_NO_WARNINGS. See online help for details.
                 D:\VS2012\VC\include\stdlib.h(449) : 参见“getenv”的声明
     1>g:\赚钱\闸机重写\zhajidll\zhtdll\ace/OS_NS_stdlib.inl(185): warning C4996: '_wgetenv': This function or variable may be unsafe. Consider using _wdupenv_s instead. To disable deprecation, use _CRT_SECURE_NO_WARNINGS. See online help for details.
                 D:\VS2012\VC\include\wchar.h(909) : 参见“_wgetenv”的声明
     1>g:\赚钱\闸机重写\zhajidll\zhtdll\ace/OS_NS_stdlib.inl(196): warning C4996: '_itoa': This function or variable may be unsafe. Consider using _itoa_s instead. To disable deprecation, use _CRT_SECURE_NO_WARNINGS. See online help for details.
                 D:\VS2012\VC\include\stdlib.h(468) : 参见“_itoa”的声明
     1>g:\赚钱\闸机重写\zhajidll\zhtdll\ace/OS_NS_stdlib.inl(209): warning C4996: '_itow': This function or variable may be unsafe. Consider using _itow_s instead. To disable deprecation, use _CRT_SECURE_NO_WARNINGS. See online help for details.
                 D:\VS2012\VC\include\wchar.h(893) : 参见“_itow”的声明
     1>g:\赚钱\闸机重写\zhajidll\zhtdll\ace/OS_NS_stdlib.inl(275): warning C4996: '_mktemp': This function or variable may be unsafe. Consider using _mktemp_s instead. To disable deprecation, use _CRT_SECURE_NO_WARNINGS. See online help for details.
                 D:\VS2012\VC\include\io.h(202) : 参见“_mktemp”的声明
     1>g:\赚钱\闸机重写\zhajidll\zhtdll\ace/OS_NS_stdlib.inl(286): warning C4996: '_wmktemp': This function or variable may be unsafe. Consider using _wmktemp_s instead. To disable deprecation, use _CRT_SECURE_NO_WARNINGS. See online help for details.
                 D:\VS2012\VC\include\wchar.h(323) : 参见“_wmktemp”的声明
     1>g:\赚钱\闸机重写\zhajidll\zhtdll\ace/OS_NS_stdlib.inl(335): warning C4996: 'putenv': The POSIX name for this item is deprecated. Instead, use the ISO C++ conformant name: _putenv. See online help for details.
                 D:\VS2012\VC\include\stdlib.h(913) : 参见“putenv”的声明
     1>g:\赚钱\闸机重写\zhajidll\zhtdll\ace/OS_NS_unistd.inl(60): warning C4996: 'access': The POSIX name for this item is deprecated. Instead, use the ISO C++ conformant name: _access. See online help for details.
                 D:\VS2012\VC\include\io.h(302) : 参见“access”的声明
     1>g:\赚钱\闸机重写\zhajidll\zhtdll\ace/OS_NS_unistd.inl(131): warning C4996: 'chdir': The POSIX name for this item is deprecated. Instead, use the ISO C++ conformant name: _chdir. See online help for details.
                 D:\VS2012\VC\include\direct.h(136) : 参见“chdir”的声明
     1>g:\赚钱\闸机重写\zhajidll\zhtdll\ace/OS_NS_unistd.inl(158): warning C4996: 'rmdir': The POSIX name for this item is deprecated. Instead, use the ISO C++ conformant name: _rmdir. See online help for details.
                 D:\VS2012\VC\include\direct.h(141) : 参见“rmdir”的声明
     1>g:\赚钱\闸机重写\zhajidll\zhtdll\ace/OS_NS_unistd.inl(409): warning C4996: 'getcwd': The POSIX name for this item is deprecated. Instead, use the ISO C++ conformant name: _getcwd. See online help for details.
                 D:\VS2012\VC\include\direct.h(130) : 参见“getcwd”的声明
     1>g:\赚钱\闸机重写\zhajidll\zhtdll\ace/OS_NS_unistd.inl(1012): warning C4996: 'swab': The POSIX name for this item is deprecated. Instead, use the ISO C++ conformant name: _swab. See online help for details.
                 D:\VS2012\VC\include\stdlib.h(916) : 参见“swab”的声明
     1>g:\赚钱\闸机重写\zhajidll\zhtdll\ace/OS_NS_unistd.inl(1164): warning C4996: 'unlink': The POSIX name for this item is deprecated. Instead, use the ISO C++ conformant name: _unlink. See online help for details.
                 D:\VS2012\VC\include\io.h(214) : 参见“unlink”的声明
     1>g:\赚钱\闸机重写\zhajidll\zhtdll\ace/OS_NS_sys_stat.inl(154): warning C4996: 'mkdir': The POSIX name for this item is deprecated. Instead, use the ISO C++ conformant name: _mkdir. See online help for details.
                 D:\VS2012\VC\include\direct.h(140) : 参见“mkdir”的声明
     1>g:\赚钱\闸机重写\zhajidll\zhtdll\ace/OS_NS_stdio.inl(703): warning C4996: 'freopen': This function or variable may be unsafe. Consider using freopen_s instead. To disable deprecation, use _CRT_SECURE_NO_WARNINGS. See online help for details.
                 D:\VS2012\VC\include\stdio.h(233) : 参见“freopen”的声明
     1>g:\赚钱\闸机重写\zhajidll\zhtdll\ace/OS_NS_stdio.inl(887): warning C4996: 'tempnam': The POSIX name for this item is deprecated. Instead, use the ISO C++ conformant name: _tempnam. See online help for details.
                 D:\VS2012\VC\include\stdio.h(702) : 参见“tempnam”的声明
     1>g:\赚钱\闸机重写\zhajidll\zhtdll\ace/OS_NS_stdio.inl(994): warning C4996: 'vsprintf': This function or variable may be unsafe. Consider using vsprintf_s instead. To disable deprecation, use _CRT_SECURE_NO_WARNINGS. See online help for details.
                 D:\VS2012\VC\include\stdio.h(357) : 参见“vsprintf”的声明
     1>g:\赚钱\闸机重写\zhajidll\zhtdll\ace/OS_NS_stdio.inl(1052): warning C4996: '_vsnprintf': This function or variable may be unsafe. Consider using _vsnprintf_s instead. To disable deprecation, use _CRT_SECURE_NO_WARNINGS. See online help for details.
                 D:\VS2012\VC\include\stdio.h(349) : 参见“_vsnprintf”的声明
     1>g:\赚钱\闸机重写\zhajidll\zhtdll\ace/OS_NS_stdio.inl(1100): warning C4996: '_vsnwprintf': This function or variable may be unsafe. Consider using _vsnwprintf_s instead. To disable deprecation, use _CRT_SECURE_NO_WARNINGS. See online help for details.
                 D:\VS2012\VC\include\wchar.h(730) : 参见“_vsnwprintf”的声明
     1>zhtDll.cpp(380): warning C4996: 'strcat': This function or variable may be unsafe. Consider using strcat_s instead. To disable deprecation, use _CRT_SECURE_NO_WARNINGS. See online help for details.
                 D:\VS2012\VC\include\string.h(115) : 参见“strcat”的声明
     1>zhtDll.cpp(397): warning C4996: 'strcat': This function or variable may be unsafe. Consider using strcat_s instead. To disable deprecation, use _CRT_SECURE_NO_WARNINGS. See online help for details.
                 D:\VS2012\VC\include\string.h(115) : 参见“strcat”的声明
     1>zhtDll.cpp(399): warning C4996: 'strcat': This function or variable may be unsafe. Consider using strcat_s instead. To disable deprecation, use _CRT_SECURE_NO_WARNINGS. See online help for details.
                 D:\VS2012\VC\include\string.h(115) : 参见“strcat”的声明
     1>zhtDll.cpp(463): warning C4996: '_itoa': This function or variable may be unsafe. Consider using _itoa_s instead. To disable deprecation, use _CRT_SECURE_NO_WARNINGS. See online help for details.
                 D:\VS2012\VC\include\stdlib.h(468) : 参见“_itoa”的声明
       Link:
         D:\VS2012\VC\bin\link.exe /ERRORREPORT:PROMPT /OUT:"G:\赚钱\闸机重写\zhajiDLL\Release\zhtDll.dll" /INCREMENTAL:NO /NOLOGO ACEd.lib iphlpapi.lib /MANIFEST /MANIFESTUAC:"level='asInvoker' uiAccess='false'" /manifest:embed /manifestinput:D:\VS2012\VC\Include\Manifest\dpiaware.manifest /DEBUG /PDB:"G:\赚钱\闸机重写\zhajiDLL\Release\zhtDll.pdb" /SUBSYSTEM:WINDOWS /OPT:REF /OPT:ICF /LTCG /TLBID:1 /DYNAMICBASE /NXCOMPAT /IMPLIB:"G:\赚钱\闸机重写\zhajiDLL\Release\zhtDll.lib" /MACHINE:X86 /SAFESEH /DLL Release\dllmain.obj
         Release\stdafx.obj
         Release\zhtDll.obj
            正在创建库 G:\赚钱\闸机重写\zhajiDLL\Release\zhtDll.lib 和对象 G:\赚钱\闸机重写\zhajiDLL\Release\zhtDll.exp
         正在生成代码
         已完成代码的生成
         zhtDll.vcxproj -> G:\赚钱\闸机重写\zhajiDLL\Release\zhtDll.dll
     1>已完成生成项目“G:\赚钱\闸机重写\zhajiDLL\zhtDll\zhtDll.vcxproj”(Rebuild 个目标)的操作。

生成成功。

已用时间 00:00:02.33
