F:\WXCCODE\WGCONTROLLER32_VC\ZHTDLL\DEBUG\ZHTDLL.DLL
F:\wxccode\WGController32_VC\zhtDll\Debug\zhtDll.exp
F:\WXCCODE\WGCONTROLLER32_VC\ZHTDLL\DEBUG\ZHTDLL.ILK
F:\wxccode\WGController32_VC\zhtDll\Debug\zhtDll.lib
F:\WXCCODE\WGCONTROLLER32_VC\ZHTDLL\DEBUG\ZHTDLL.PDB
F:\wxccode\WGController32_VC\zhtDll\zhtDll\Debug\cl.command.1.tlog
F:\wxccode\WGController32_VC\zhtDll\zhtDll\Debug\CL.read.1.tlog
F:\wxccode\WGController32_VC\zhtDll\zhtDll\Debug\CL.write.1.tlog
F:\WXCCODE\WGCONTROLLER32_VC\ZHTDLL\ZHTDLL\DEBUG\DLLMAIN.OBJ
F:\wxccode\WGController32_VC\zhtDll\zhtDll\Debug\link.12284.read.1.tlog
F:\wxccode\WGController32_VC\zhtDll\zhtDll\Debug\link.12284.write.1.tlog
F:\wxccode\WGController32_VC\zhtDll\zhtDll\Debug\link.12284-cvtres.read.1.tlog
F:\wxccode\WGController32_VC\zhtDll\zhtDll\Debug\link.12284-cvtres.write.1.tlog
F:\wxccode\WGController32_VC\zhtDll\zhtDll\Debug\link.command.1.tlog
F:\wxccode\WGController32_VC\zhtDll\zhtDll\Debug\link.read.1.tlog
F:\wxccode\WGController32_VC\zhtDll\zhtDll\Debug\link.write.1.tlog
F:\wxccode\WGController32_VC\zhtDll\zhtDll\Debug\link-cvtres.read.1.tlog
F:\wxccode\WGController32_VC\zhtDll\zhtDll\Debug\link-cvtres.write.1.tlog
F:\wxccode\WGController32_VC\zhtDll\zhtDll\Debug\mt.command.1.tlog
F:\wxccode\WGController32_VC\zhtDll\zhtDll\Debug\mt.read.1.tlog
F:\wxccode\WGController32_VC\zhtDll\zhtDll\Debug\mt.write.1.tlog
F:\wxccode\WGController32_VC\zhtDll\zhtDll\Debug\rc.command.1.tlog
F:\wxccode\WGController32_VC\zhtDll\zhtDll\Debug\rc.read.1.tlog
F:\wxccode\WGController32_VC\zhtDll\zhtDll\Debug\rc.write.1.tlog
F:\WXCCODE\WGCONTROLLER32_VC\ZHTDLL\ZHTDLL\DEBUG\STDAFX.OBJ
F:\wxccode\WGController32_VC\zhtDll\zhtDll\Debug\vc100.idb
F:\WXCCODE\WGCONTROLLER32_VC\ZHTDLL\ZHTDLL\DEBUG\VC100.PDB
F:\WXCCODE\WGCONTROLLER32_VC\ZHTDLL\ZHTDLL\DEBUG\ZHTDLL.DLL.EMBED.MANIFEST
F:\WXCCODE\WGCONTROLLER32_VC\ZHTDLL\ZHTDLL\DEBUG\ZHTDLL.DLL.EMBED.MANIFEST.RES
F:\WXCCODE\WGCONTROLLER32_VC\ZHTDLL\ZHTDLL\DEBUG\ZHTDLL.DLL.INTERMEDIATE.MANIFEST
F:\WXCCODE\WGCONTROLLER32_VC\ZHTDLL\ZHTDLL\DEBUG\ZHTDLL.OBJ
F:\WXCCODE\WGCONTROLLER32_VC\ZHTDLL\ZHTDLL\DEBUG\ZHTDLL.PCH
F:\wxccode\WGController32_VC\zhtDll\zhtDll\Debug\zhtDll.write.1.tlog
F:\wxccode\WGController32_VC\zhtDll\zhtDll\Debug\zhtDll_manifest.rc
